<?xml version="1.0" encoding="ISO-8859-1"?>
<!--

    Copyright (C) 2009 eXo Platform SAS.
    
    This is free software; you can redistribute it and/or modify it
    under the terms of the GNU Lesser General Public License as
    published by the Free Software Foundation; either version 2.1 of
    the License, or (at your option) any later version.
    
    This software is distributed in the hope that it will be useful,
    but WITHOUT ANY WARRANTY; without even the implied warranty of
    MERCHANTABILITY or FITNESS FOR A PARTICULAR PURPOSE. See the GNU
    Lesser General Public License for more details.
    
    You should have received a copy of the GNU Lesser General Public
    License along with this software; if not, write to the Free
    Software Foundation, Inc., 51 Franklin St, Fifth Floor, Boston, MA
    02110-1301 USA, or see the FSF site: http://www.fsf.org.

-->

<configuration xmlns:xsi="http://www.w3.org/2001/XMLSchema-instance"
    xsi:schemaLocation="http://www.exoplaform.org/xml/ns/kernel_1_0.xsd http://www.exoplaform.org/xml/ns/kernel_1_0.xsd"
    xmlns="http://www.exoplaform.org/xml/ns/kernel_1_0.xsd">
   <component>
      <key>org.exoplatform.services.log.LogConfigurationInitializer</key>
      <type>org.exoplatform.services.log.LogConfigurationInitializer</type>
      <init-params>
         <value-param>
            <name>logger</name>
            <value>org.exoplatform.services.log.impl.BufferedLog4JLogger</value>
         </value-param>
         <value-param>
            <name>configurator</name>
            <value>org.exoplatform.services.log.impl.Log4JConfigurator</value>
         </value-param>
         <properties-param>
            <name>properties</name>
            <description>Log4J properties</description>
            <property name="log4j.rootLogger" value="DEBUG, stdout" />
            <property name="log4j.appender.stdout" value="org.apache.log4j.ConsoleAppender" />
            <property name="log4j.appender.stdout.threshold" value="INFO" />
            <property name="log4j.appender.stdout.layout" value="org.apache.log4j.PatternLayout" />
            <property name="log4j.appender.stdout.layout.ConversionPattern" value="%d{dd.MM.yyyy HH:mm:ss} *%-5p* [%t] %c{1}: %m (%F, line %L) %n" />
         </properties-param>
      </init-params>
   </component>

   <component>
      <key>org.exoplatform.services.cache.CacheService</key>
      <jmx-name>cache:type=CacheService</jmx-name>
      <type>org.exoplatform.services.cache.impl.CacheServiceImpl</type>
      <init-params>
         <object-param>
            <name>cache.config.default</name>
            <description>The default cache configuration</description>
            <object type="org.exoplatform.services.cache.ExoCacheConfig">
               <field  name="name"><string>default</string></field>
               <field  name="maxSize"><int>300</int></field>
               <field  name="liveTime"><long>300</long></field>
               <field  name="distributed"><boolean>false</boolean></field>
               <field name="implementation"><string>org.exoplatform.services.cache.concurrent.ConcurrentFIFOExoCache</string></field>
            </object>
         </object-param>
      </init-params>
   </component>

   <component>
      <key>org.exoplatform.services.database.DatabaseService</key>
      <type>org.exoplatform.services.database.impl.XAPoolTxSupportDatabaseService</type>
      <init-params>
         <properties-param>
            <name>default</name>
            <description>Connection configuration</description>
            <property name='connection.driver' value='org.hsqldb.jdbcDriver' />
            <property name='connection.url' value='jdbc:hsqldb:mem:db/default' />
            <property name='connection.login' value='sa' />
            <property name='connection.password' value='' />
            <property name='connection.min-size' value='3' />
            <property name='connection.max-size' value='5' />
         </properties-param>
      </init-params>
   </component>

	<import>classpath:/conf/portal/idm-configuration.xml</import>
	<import>classpath:/conf/portal/organization-configuration.xml</import>
</configuration>